[INFO][main][2017-12-13 17:46:25][org.springframework.test.context.support.AbstractTestContextBootstrapper] - Loaded default TestExecutionListener class names from location [META-INF/spring.factories]: [org.springframework.test.context.web.ServletTestExecutionListener, org.springframework.test.context.support.DirtiesContextBeforeModesTestExecutionListener, org.springframework.test.context.support.DependencyInjectionTestExecutionListener, org.springframework.test.context.support.DirtiesContextTestExecutionListener, org.springframework.test.context.transaction.TransactionalTestExecutionListener, org.springframework.test.context.jdbc.SqlScriptsTestExecutionListener]
[INFO][main][2017-12-13 17:46:25][org.springframework.test.context.support.AbstractTestContextBootstrapper] - Using TestExecutionListeners: [org.springframework.test.context.web.ServletTestExecutionListener@3fee9989, org.springframework.test.context.support.DirtiesContextBeforeModesTestExecutionListener@73ad2d6, org.springframework.test.context.support.DependencyInjectionTestExecutionListener@7085bdee, org.springframework.test.context.support.DirtiesContextTestExecutionListener@1ce92674, org.springframework.test.context.transaction.TransactionalTestExecutionListener@5700d6b1, org.springframework.test.context.jdbc.SqlScriptsTestExecutionListener@6fd02e5]
[INFO][main][2017-12-13 17:46:25][org.springframework.beans.factory.xml.XmlBeanDefinitionReader] - Loading XML bean definitions from class path resource [mybatis/spring-mybatis.xml]
[INFO][main][2017-12-13 17:46:26][org.springframework.context.support.AbstractApplicationContext] - Refreshing org.springframework.context.support.GenericApplicationContext@eec5a4a: startup date [Wed Dec 13 17:46:26 CST 2017]; root of context hierarchy
[WARN][main][2017-12-13 17:46:26][org.mybatis.spring.mapper.ClassPathMapperScanner] - No MyBatis mapper was found in '[com.fgl.dao.impl]' package. Please check your configuration.
[INFO][main][2017-12-13 17:46:26][org.springframework.core.io.support.PropertiesLoaderSupport] - Loading properties file from class path resource [jdbc.properties]
[INFO][main][2017-12-13 17:46:26][org.springframework.beans.factory.annotation.AutowiredAnnotationBeanPostProcessor] - JSR-330 'javax.inject.Inject' annotation found and supported for autowiring
[INFO][main][2017-12-13 17:46:27][com.alibaba.druid.pool.DruidDataSource] - {dataSource-1} inited
[INFO][Thread-1][2017-12-13 17:46:27][org.springframework.context.support.AbstractApplicationContext] - Closing org.springframework.context.support.GenericApplicationContext@eec5a4a: startup date [Wed Dec 13 17:46:26 CST 2017]; root of context hierarchy
[INFO][Thread-1][2017-12-13 17:46:27][com.alibaba.druid.pool.DruidDataSource] - {dataSource-1} closed
[INFO][main][2017-12-22 17:22:16][org.springframework.test.context.support.AbstractTestContextBootstrapper] - Loaded default TestExecutionListener class names from location [META-INF/spring.factories]: [org.springframework.test.context.web.ServletTestExecutionListener, org.springframework.test.context.support.DirtiesContextBeforeModesTestExecutionListener, org.springframework.test.context.support.DependencyInjectionTestExecutionListener, org.springframework.test.context.support.DirtiesContextTestExecutionListener, org.springframework.test.context.transaction.TransactionalTestExecutionListener, org.springframework.test.context.jdbc.SqlScriptsTestExecutionListener]
[INFO][main][2017-12-22 17:22:16][org.springframework.test.context.support.AbstractTestContextBootstrapper] - Using TestExecutionListeners: [org.springframework.test.context.web.ServletTestExecutionListener@1a0dcaa, org.springframework.test.context.support.DirtiesContextBeforeModesTestExecutionListener@3bd40a57, org.springframework.test.context.support.DependencyInjectionTestExecutionListener@fdefd3f, org.springframework.test.context.support.DirtiesContextTestExecutionListener@d83da2e, org.springframework.test.context.transaction.TransactionalTestExecutionListener@a4102b8, org.springframework.test.context.jdbc.SqlScriptsTestExecutionListener@11dc3715]
[INFO][main][2017-12-22 17:22:17][org.springframework.beans.factory.xml.XmlBeanDefinitionReader] - Loading XML bean definitions from class path resource [mybatis/spring-mybatis.xml]
[INFO][main][2017-12-22 17:22:19][org.springframework.context.support.AbstractApplicationContext] - Refreshing org.springframework.context.support.GenericApplicationContext@1f0f1111: startup date [Fri Dec 22 17:22:19 CST 2017]; root of context hierarchy
[WARN][main][2017-12-22 17:22:19][org.mybatis.spring.mapper.ClassPathMapperScanner] - No MyBatis mapper was found in '[com.fgl.dao.impl]' package. Please check your configuration.
[INFO][main][2017-12-22 17:22:19][org.springframework.core.io.support.PropertiesLoaderSupport] - Loading properties file from class path resource [jdbc.properties]
[INFO][main][2017-12-22 17:22:19][org.springframework.beans.factory.annotation.AutowiredAnnotationBeanPostProcessor] - JSR-330 'javax.inject.Inject' annotation found and supported for autowiring
[INFO][main][2017-12-22 17:22:21][com.alibaba.druid.pool.DruidDataSource] - {dataSource-1} inited
[INFO][Thread-1][2017-12-22 17:22:22][org.springframework.context.support.AbstractApplicationContext] - Closing org.springframework.context.support.GenericApplicationContext@1f0f1111: startup date [Fri Dec 22 17:22:19 CST 2017]; root of context hierarchy
[INFO][Thread-1][2017-12-22 17:22:22][com.alibaba.druid.pool.DruidDataSource] - {dataSource-1} closed
[INFO][main][2017-12-22 17:23:10][org.springframework.test.context.support.AbstractTestContextBootstrapper] - Neither @ContextConfiguration nor @ContextHierarchy found for test class [com.fgl.dao.impl.UserDaoImplTest]
[INFO][main][2017-12-22 17:23:10][org.springframework.test.context.support.AbstractTestContextBootstrapper] - Loaded default TestExecutionListener class names from location [META-INF/spring.factories]: [org.springframework.test.context.web.ServletTestExecutionListener, org.springframework.test.context.support.DirtiesContextBeforeModesTestExecutionListener, org.springframework.test.context.support.DependencyInjectionTestExecutionListener, org.springframework.test.context.support.DirtiesContextTestExecutionListener, org.springframework.test.context.transaction.TransactionalTestExecutionListener, org.springframework.test.context.jdbc.SqlScriptsTestExecutionListener]
[INFO][main][2017-12-22 17:23:10][org.springframework.test.context.support.AbstractTestContextBootstrapper] - Using TestExecutionListeners: [org.springframework.test.context.web.ServletTestExecutionListener@1b68b9a4, org.springframework.test.context.support.DirtiesContextBeforeModesTestExecutionListener@4f9a3314, org.springframework.test.context.support.DependencyInjectionTestExecutionListener@3b2c72c2, org.springframework.test.context.support.DirtiesContextTestExecutionListener@491666ad, org.springframework.test.context.transaction.TransactionalTestExecutionListener@176d53b2, org.springframework.test.context.jdbc.SqlScriptsTestExecutionListener@971d0d8]
[ERROR][main][2017-12-22 17:23:10][org.springframework.test.context.TestContextManager] - Caught exception while allowing TestExecutionListener [org.springframework.test.context.support.DependencyInjectionTestExecutionListener@3b2c72c2] to prepare test instance [com.fgl.dao.impl.UserDaoImplTest@240237d2]
java.lang.IllegalStateException: Failed to load ApplicationContext
	at org.springframework.test.context.cache.DefaultCacheAwareContextLoaderDelegate.loadContext(DefaultCacheAwareContextLoaderDelegate.java:124)
	at org.springframework.test.context.support.DefaultTestContext.getApplicationContext(DefaultTestContext.java:83)
	at org.springframework.test.context.support.DependencyInjectionTestExecutionListener.injectDependencies(DependencyInjectionTestExecutionListener.java:117)
	at org.springframework.test.context.support.DependencyInjectionTestExecutionListener.prepareTestInstance(DependencyInjectionTestExecutionListener.java:83)
	at org.springframework.test.context.TestContextManager.prepareTestInstance(TestContextManager.java:228)
	at org.springframework.test.context.junit4.SpringJUnit4ClassRunner.createTest(SpringJUnit4ClassRunner.java:230)
	at org.springframework.test.context.junit4.SpringJUnit4ClassRunner$1.runReflectiveCall(SpringJUnit4ClassRunner.java:289)
	at org.junit.internal.runners.model.ReflectiveCallable.run(ReflectiveCallable.java:12)
	at org.springframework.test.context.junit4.SpringJUnit4ClassRunner.methodBlock(SpringJUnit4ClassRunner.java:291)
	at org.springframework.test.context.junit4.SpringJUnit4ClassRunner.runChild(SpringJUnit4ClassRunner.java:249)
	at org.springframework.test.context.junit4.SpringJUnit4ClassRunner.runChild(SpringJUnit4ClassRunner.java:89)
	at org.junit.runners.ParentRunner$3.run(ParentRunner.java:238)
	at org.junit.runners.ParentRunner$1.schedule(ParentRunner.java:63)
	at org.junit.runners.ParentRunner.runChildren(ParentRunner.java:236)
	at org.junit.runners.ParentRunner.access$000(ParentRunner.java:53)
	at org.junit.runners.ParentRunner$2.evaluate(ParentRunner.java:229)
	at org.springframework.test.context.junit4.statements.RunBeforeTestClassCallbacks.evaluate(RunBeforeTestClassCallbacks.java:61)
	at org.springframework.test.context.junit4.statements.RunAfterTestClassCallbacks.evaluate(RunAfterTestClassCallbacks.java:70)
	at org.junit.runners.ParentRunner.run(ParentRunner.java:309)
	at org.springframework.test.context.junit4.SpringJUnit4ClassRunner.run(SpringJUnit4ClassRunner.java:193)
	at org.junit.runner.JUnitCore.run(JUnitCore.java:160)
	at com.intellij.junit4.JUnit4IdeaTestRunner.startRunnerWithArgs(JUnit4IdeaTestRunner.java:68)
	at com.intellij.rt.execution.junit.IdeaTestRunner$Repeater.startRunnerWithArgs(IdeaTestRunner.java:51)
	at com.intellij.rt.execution.junit.JUnitStarter.prepareStreamsAndStart(JUnitStarter.java:242)
	at com.intellij.rt.execution.junit.JUnitStarter.main(JUnitStarter.java:70)
Caused by: java.lang.IllegalArgumentException: Cannot load an ApplicationContext with a NULL 'contextLoader'. Consider annotating your test class with @ContextConfiguration or @ContextHierarchy.
	at org.springframework.util.Assert.notNull(Assert.java:115)
	at org.springframework.test.context.cache.DefaultCacheAwareContextLoaderDelegate.loadContextInternal(DefaultCacheAwareContextLoaderDelegate.java:91)
	at org.springframework.test.context.cache.DefaultCacheAwareContextLoaderDelegate.loadContext(DefaultCacheAwareContextLoaderDelegate.java:116)
	... 24 more
